[DEBUG][21-05-02][org.apache.ibatis.logging.LogFactory]Logging initialized using 'class org.apache.ibatis.logging.log4j.Log4jImpl' adapter.
[DEBUG][21-05-02][org.apache.ibatis.logging.LogFactory]Logging initialized using 'class org.apache.ibatis.logging.log4j.Log4jImpl' adapter.
[DEBUG][21-05-02][org.apache.ibatis.datasource.pooled.PooledDataSource]PooledDataSource forcefully closed/removed all connections.
[DEBUG][21-05-02][org.apache.ibatis.datasource.pooled.PooledDataSource]PooledDataSource forcefully closed/removed all connections.
[DEBUG][21-05-02][org.apache.ibatis.datasource.pooled.PooledDataSource]PooledDataSource forcefully closed/removed all connections.
[DEBUG][21-05-02][org.apache.ibatis.datasource.pooled.PooledDataSource]PooledDataSource forcefully closed/removed all connections.
[DEBUG][21-05-02][org.apache.ibatis.transaction.jdbc.JdbcTransaction]Opening JDBC Connection
[DEBUG][21-05-02][org.apache.ibatis.datasource.pooled.PooledDataSource]Created connection 1485697819.
[DEBUG][21-05-02][org.apache.ibatis.transaction.jdbc.JdbcTransaction]Setting autocommit to false on JDBC Connection [com.mysql.jdbc.JDBC4Connection@588df31b]
[DEBUG][21-05-02][com.macay.dao.StudentDao.selectStudentById]==>  Preparing: select id, name, email, age from student where id =1 
[DEBUG][21-05-02][com.macay.dao.StudentDao.selectStudentById]==> Parameters: 
[DEBUG][21-05-02][com.macay.dao.StudentDao.selectStudentById]<==      Total: 1
[DEBUG][21-05-02][org.apache.ibatis.transaction.jdbc.JdbcTransaction]Resetting autocommit to true on JDBC Connection [com.mysql.jdbc.JDBC4Connection@588df31b]
[DEBUG][21-05-02][org.apache.ibatis.transaction.jdbc.JdbcTransaction]Closing JDBC Connection [com.mysql.jdbc.JDBC4Connection@588df31b]
[DEBUG][21-05-02][org.apache.ibatis.datasource.pooled.PooledDataSource]Returned connection 1485697819 to pool.
[DEBUG][21-05-03][org.apache.ibatis.logging.LogFactory]Logging initialized using 'class org.apache.ibatis.logging.log4j.Log4jImpl' adapter.
[DEBUG][21-05-03][org.apache.ibatis.logging.LogFactory]Logging initialized using 'class org.apache.ibatis.logging.log4j.Log4jImpl' adapter.
[DEBUG][21-05-03][org.apache.ibatis.datasource.pooled.PooledDataSource]PooledDataSource forcefully closed/removed all connections.
[DEBUG][21-05-03][org.apache.ibatis.datasource.pooled.PooledDataSource]PooledDataSource forcefully closed/removed all connections.
[DEBUG][21-05-03][org.apache.ibatis.datasource.pooled.PooledDataSource]PooledDataSource forcefully closed/removed all connections.
[DEBUG][21-05-03][org.apache.ibatis.datasource.pooled.PooledDataSource]PooledDataSource forcefully closed/removed all connections.
[DEBUG][21-05-03][org.apache.ibatis.transaction.jdbc.JdbcTransaction]Opening JDBC Connection
[DEBUG][21-05-03][org.apache.ibatis.datasource.pooled.PooledDataSource]Created connection 736778932.
[DEBUG][21-05-03][org.apache.ibatis.transaction.jdbc.JdbcTransaction]Setting autocommit to false on JDBC Connection [com.mysql.jdbc.JDBC4Connection@2bea5ab4]
[DEBUG][21-05-03][com.macay.dao.StudentDao.selectStudents]==>  Preparing: select id, name, email, age from student 
[DEBUG][21-05-03][com.macay.dao.StudentDao.selectStudents]==> Parameters: 
[DEBUG][21-05-03][com.macay.dao.StudentDao.selectStudents]<==      Total: 2
[DEBUG][21-05-03][org.apache.ibatis.logging.LogFactory]Logging initialized using 'class org.apache.ibatis.logging.log4j.Log4jImpl' adapter.
[DEBUG][21-05-03][org.apache.ibatis.logging.LogFactory]Logging initialized using 'class org.apache.ibatis.logging.log4j.Log4jImpl' adapter.
[DEBUG][21-05-03][org.apache.ibatis.datasource.pooled.PooledDataSource]PooledDataSource forcefully closed/removed all connections.
[DEBUG][21-05-03][org.apache.ibatis.datasource.pooled.PooledDataSource]PooledDataSource forcefully closed/removed all connections.
[DEBUG][21-05-03][org.apache.ibatis.datasource.pooled.PooledDataSource]PooledDataSource forcefully closed/removed all connections.
[DEBUG][21-05-03][org.apache.ibatis.datasource.pooled.PooledDataSource]PooledDataSource forcefully closed/removed all connections.
[DEBUG][21-05-03][org.apache.ibatis.transaction.jdbc.JdbcTransaction]Opening JDBC Connection
[DEBUG][21-05-03][org.apache.ibatis.datasource.pooled.PooledDataSource]Created connection 770911223.
[DEBUG][21-05-03][org.apache.ibatis.transaction.jdbc.JdbcTransaction]Setting autocommit to false on JDBC Connection [com.mysql.jdbc.JDBC4Connection@2df32bf7]
[DEBUG][21-05-03][com.macay.dao.StudentDao.insertStudent]==>  Preparing: insert into student values (?, ?, ?, ?) 
[DEBUG][21-05-03][com.macay.dao.StudentDao.insertStudent]==> Parameters: 3(Integer), 扁鹊(String), bianque@qq.com(String), 20(Integer)
[DEBUG][21-05-03][org.apache.ibatis.logging.LogFactory]Logging initialized using 'class org.apache.ibatis.logging.log4j.Log4jImpl' adapter.
[DEBUG][21-05-03][org.apache.ibatis.logging.LogFactory]Logging initialized using 'class org.apache.ibatis.logging.log4j.Log4jImpl' adapter.
[DEBUG][21-05-03][org.apache.ibatis.datasource.pooled.PooledDataSource]PooledDataSource forcefully closed/removed all connections.
[DEBUG][21-05-03][org.apache.ibatis.datasource.pooled.PooledDataSource]PooledDataSource forcefully closed/removed all connections.
[DEBUG][21-05-03][org.apache.ibatis.datasource.pooled.PooledDataSource]PooledDataSource forcefully closed/removed all connections.
[DEBUG][21-05-03][org.apache.ibatis.datasource.pooled.PooledDataSource]PooledDataSource forcefully closed/removed all connections.
[DEBUG][21-05-03][org.apache.ibatis.transaction.jdbc.JdbcTransaction]Opening JDBC Connection
[DEBUG][21-05-03][org.apache.ibatis.datasource.pooled.PooledDataSource]Created connection 770911223.
[DEBUG][21-05-03][org.apache.ibatis.transaction.jdbc.JdbcTransaction]Setting autocommit to false on JDBC Connection [com.mysql.jdbc.JDBC4Connection@2df32bf7]
[DEBUG][21-05-03][com.macay.dao.StudentDao.insertStudent]==>  Preparing: insert into student values (?, ?, ?, ?) 
[DEBUG][21-05-03][com.macay.dao.StudentDao.insertStudent]==> Parameters: 3(Integer), bianque(String), bianque@qq.com(String), 20(Integer)
[DEBUG][21-05-03][com.macay.dao.StudentDao.insertStudent]<==    Updates: 1
[DEBUG][21-05-03][org.apache.ibatis.transaction.jdbc.JdbcTransaction]Committing JDBC Connection [com.mysql.jdbc.JDBC4Connection@2df32bf7]
[DEBUG][21-05-03][org.apache.ibatis.transaction.jdbc.JdbcTransaction]Resetting autocommit to true on JDBC Connection [com.mysql.jdbc.JDBC4Connection@2df32bf7]
[DEBUG][21-05-03][org.apache.ibatis.transaction.jdbc.JdbcTransaction]Closing JDBC Connection [com.mysql.jdbc.JDBC4Connection@2df32bf7]
[DEBUG][21-05-03][org.apache.ibatis.datasource.pooled.PooledDataSource]Returned connection 770911223 to pool.
[DEBUG][21-05-03][org.apache.ibatis.logging.LogFactory]Logging initialized using 'class org.apache.ibatis.logging.log4j.Log4jImpl' adapter.
[DEBUG][21-05-03][org.apache.ibatis.logging.LogFactory]Logging initialized using 'class org.apache.ibatis.logging.log4j.Log4jImpl' adapter.
[DEBUG][21-05-03][org.apache.ibatis.datasource.pooled.PooledDataSource]PooledDataSource forcefully closed/removed all connections.
[DEBUG][21-05-03][org.apache.ibatis.datasource.pooled.PooledDataSource]PooledDataSource forcefully closed/removed all connections.
[DEBUG][21-05-03][org.apache.ibatis.datasource.pooled.PooledDataSource]PooledDataSource forcefully closed/removed all connections.
[DEBUG][21-05-03][org.apache.ibatis.datasource.pooled.PooledDataSource]PooledDataSource forcefully closed/removed all connections.
[DEBUG][21-05-03][org.apache.ibatis.transaction.jdbc.JdbcTransaction]Opening JDBC Connection
[DEBUG][21-05-03][org.apache.ibatis.datasource.pooled.PooledDataSource]Created connection 770911223.
[DEBUG][21-05-03][org.apache.ibatis.transaction.jdbc.JdbcTransaction]Setting autocommit to false on JDBC Connection [com.mysql.jdbc.JDBC4Connection@2df32bf7]
[DEBUG][21-05-03][com.macay.dao.StudentDao.insertStudent]==>  Preparing: insert into student values (?, ?, ?, ?) 
[DEBUG][21-05-03][com.macay.dao.StudentDao.insertStudent]==> Parameters: 3(Integer), bianque(String), bianque@qq.com(String), 20(Integer)
[DEBUG][21-05-03][org.apache.ibatis.logging.LogFactory]Logging initialized using 'class org.apache.ibatis.logging.log4j.Log4jImpl' adapter.
[DEBUG][21-05-03][org.apache.ibatis.logging.LogFactory]Logging initialized using 'class org.apache.ibatis.logging.log4j.Log4jImpl' adapter.
[DEBUG][21-05-03][org.apache.ibatis.datasource.pooled.PooledDataSource]PooledDataSource forcefully closed/removed all connections.
[DEBUG][21-05-03][org.apache.ibatis.datasource.pooled.PooledDataSource]PooledDataSource forcefully closed/removed all connections.
[DEBUG][21-05-03][org.apache.ibatis.datasource.pooled.PooledDataSource]PooledDataSource forcefully closed/removed all connections.
[DEBUG][21-05-03][org.apache.ibatis.datasource.pooled.PooledDataSource]PooledDataSource forcefully closed/removed all connections.
[DEBUG][21-05-03][org.apache.ibatis.transaction.jdbc.JdbcTransaction]Opening JDBC Connection
[DEBUG][21-05-03][org.apache.ibatis.datasource.pooled.PooledDataSource]Created connection 770911223.
[DEBUG][21-05-03][org.apache.ibatis.transaction.jdbc.JdbcTransaction]Setting autocommit to false on JDBC Connection [com.mysql.jdbc.JDBC4Connection@2df32bf7]
[DEBUG][21-05-03][com.macay.dao.StudentDao.insertStudent]==>  Preparing: insert into student values (?, ?, ?, ?) 
[DEBUG][21-05-03][com.macay.dao.StudentDao.insertStudent]==> Parameters: 4(Integer), libai(String), libai@qq.com(String), 20(Integer)
[DEBUG][21-05-03][com.macay.dao.StudentDao.insertStudent]<==    Updates: 1
[DEBUG][21-05-03][org.apache.ibatis.transaction.jdbc.JdbcTransaction]Committing JDBC Connection [com.mysql.jdbc.JDBC4Connection@2df32bf7]
[DEBUG][21-05-03][org.apache.ibatis.transaction.jdbc.JdbcTransaction]Resetting autocommit to true on JDBC Connection [com.mysql.jdbc.JDBC4Connection@2df32bf7]
[DEBUG][21-05-03][org.apache.ibatis.transaction.jdbc.JdbcTransaction]Closing JDBC Connection [com.mysql.jdbc.JDBC4Connection@2df32bf7]
[DEBUG][21-05-03][org.apache.ibatis.datasource.pooled.PooledDataSource]Returned connection 770911223 to pool.
