[DEBUG][21-05-03][org.apache.ibatis.logging.LogFactory]Logging initialized using 'class org.apache.ibatis.logging.log4j.Log4jImpl' adapter.
[DEBUG][21-05-03][org.apache.ibatis.logging.LogFactory]Logging initialized using 'class org.apache.ibatis.logging.log4j.Log4jImpl' adapter.
[DEBUG][21-05-03][org.apache.ibatis.datasource.pooled.PooledDataSource]PooledDataSource forcefully closed/removed all connections.
[DEBUG][21-05-03][org.apache.ibatis.datasource.pooled.PooledDataSource]PooledDataSource forcefully closed/removed all connections.
[DEBUG][21-05-03][org.apache.ibatis.datasource.pooled.PooledDataSource]PooledDataSource forcefully closed/removed all connections.
[DEBUG][21-05-03][org.apache.ibatis.datasource.pooled.PooledDataSource]PooledDataSource forcefully closed/removed all connections.
[DEBUG][21-05-03][org.apache.ibatis.transaction.jdbc.JdbcTransaction]Opening JDBC Connection
[DEBUG][21-05-03][org.apache.ibatis.datasource.pooled.PooledDataSource]Created connection 24606376.
[DEBUG][21-05-03][org.apache.ibatis.transaction.jdbc.JdbcTransaction]Setting autocommit to false on JDBC Connection [com.mysql.jdbc.JDBC4Connection@17776a8]
[DEBUG][21-05-03][com.macay.dao.StudentDao.selectStudents]==>  Preparing: select id, name, email, age from student 
[DEBUG][21-05-03][com.macay.dao.StudentDao.selectStudents]==> Parameters: 
[DEBUG][21-05-03][com.macay.dao.StudentDao.selectStudents]<==      Total: 4
[DEBUG][21-05-03][org.apache.ibatis.transaction.jdbc.JdbcTransaction]Resetting autocommit to true on JDBC Connection [com.mysql.jdbc.JDBC4Connection@17776a8]
[DEBUG][21-05-03][org.apache.ibatis.transaction.jdbc.JdbcTransaction]Closing JDBC Connection [com.mysql.jdbc.JDBC4Connection@17776a8]
[DEBUG][21-05-03][org.apache.ibatis.datasource.pooled.PooledDataSource]Returned connection 24606376 to pool.
[DEBUG][21-05-03][org.apache.ibatis.logging.LogFactory]Logging initialized using 'class org.apache.ibatis.logging.log4j.Log4jImpl' adapter.
[DEBUG][21-05-03][org.apache.ibatis.logging.LogFactory]Logging initialized using 'class org.apache.ibatis.logging.log4j.Log4jImpl' adapter.
[DEBUG][21-05-03][org.apache.ibatis.datasource.pooled.PooledDataSource]PooledDataSource forcefully closed/removed all connections.
[DEBUG][21-05-03][org.apache.ibatis.datasource.pooled.PooledDataSource]PooledDataSource forcefully closed/removed all connections.
[DEBUG][21-05-03][org.apache.ibatis.datasource.pooled.PooledDataSource]PooledDataSource forcefully closed/removed all connections.
[DEBUG][21-05-03][org.apache.ibatis.datasource.pooled.PooledDataSource]PooledDataSource forcefully closed/removed all connections.
[DEBUG][21-05-03][org.apache.ibatis.transaction.jdbc.JdbcTransaction]Opening JDBC Connection
[DEBUG][21-05-03][org.apache.ibatis.datasource.pooled.PooledDataSource]Created connection 24606376.
[DEBUG][21-05-03][org.apache.ibatis.transaction.jdbc.JdbcTransaction]Setting autocommit to false on JDBC Connection [com.mysql.jdbc.JDBC4Connection@17776a8]
[DEBUG][21-05-03][com.macay.dao.StudentDao.selectStudentById]==>  Preparing: select id, name, email, age from student where id =1 
[DEBUG][21-05-03][com.macay.dao.StudentDao.selectStudentById]==> Parameters: 
[DEBUG][21-05-03][com.macay.dao.StudentDao.selectStudentById]<==      Total: 1
[DEBUG][21-05-03][org.apache.ibatis.transaction.jdbc.JdbcTransaction]Resetting autocommit to true on JDBC Connection [com.mysql.jdbc.JDBC4Connection@17776a8]
[DEBUG][21-05-03][org.apache.ibatis.transaction.jdbc.JdbcTransaction]Closing JDBC Connection [com.mysql.jdbc.JDBC4Connection@17776a8]
[DEBUG][21-05-03][org.apache.ibatis.datasource.pooled.PooledDataSource]Returned connection 24606376 to pool.
[DEBUG][21-05-03][org.apache.ibatis.logging.LogFactory]Logging initialized using 'class org.apache.ibatis.logging.log4j.Log4jImpl' adapter.
[DEBUG][21-05-03][org.apache.ibatis.logging.LogFactory]Logging initialized using 'class org.apache.ibatis.logging.log4j.Log4jImpl' adapter.
[DEBUG][21-05-03][org.apache.ibatis.datasource.pooled.PooledDataSource]PooledDataSource forcefully closed/removed all connections.
[DEBUG][21-05-03][org.apache.ibatis.datasource.pooled.PooledDataSource]PooledDataSource forcefully closed/removed all connections.
[DEBUG][21-05-03][org.apache.ibatis.datasource.pooled.PooledDataSource]PooledDataSource forcefully closed/removed all connections.
[DEBUG][21-05-03][org.apache.ibatis.datasource.pooled.PooledDataSource]PooledDataSource forcefully closed/removed all connections.
[DEBUG][21-05-03][org.apache.ibatis.transaction.jdbc.JdbcTransaction]Opening JDBC Connection
[DEBUG][21-05-03][org.apache.ibatis.datasource.pooled.PooledDataSource]Created connection 24606376.
[DEBUG][21-05-03][org.apache.ibatis.transaction.jdbc.JdbcTransaction]Setting autocommit to false on JDBC Connection [com.mysql.jdbc.JDBC4Connection@17776a8]
[DEBUG][21-05-03][com.macay.dao.StudentDao.selectStudents]==>  Preparing: select id, name, email, age from student 
[DEBUG][21-05-03][com.macay.dao.StudentDao.selectStudents]==> Parameters: 
[DEBUG][21-05-03][com.macay.dao.StudentDao.selectStudents]<==      Total: 4
[DEBUG][21-05-03][org.apache.ibatis.transaction.jdbc.JdbcTransaction]Resetting autocommit to true on JDBC Connection [com.mysql.jdbc.JDBC4Connection@17776a8]
[DEBUG][21-05-03][org.apache.ibatis.transaction.jdbc.JdbcTransaction]Closing JDBC Connection [com.mysql.jdbc.JDBC4Connection@17776a8]
[DEBUG][21-05-03][org.apache.ibatis.datasource.pooled.PooledDataSource]Returned connection 24606376 to pool.
[DEBUG][21-05-03][org.apache.ibatis.logging.LogFactory]Logging initialized using 'class org.apache.ibatis.logging.log4j.Log4jImpl' adapter.
[DEBUG][21-05-03][org.apache.ibatis.logging.LogFactory]Logging initialized using 'class org.apache.ibatis.logging.log4j.Log4jImpl' adapter.
[DEBUG][21-05-03][org.apache.ibatis.datasource.pooled.PooledDataSource]PooledDataSource forcefully closed/removed all connections.
[DEBUG][21-05-03][org.apache.ibatis.datasource.pooled.PooledDataSource]PooledDataSource forcefully closed/removed all connections.
[DEBUG][21-05-03][org.apache.ibatis.datasource.pooled.PooledDataSource]PooledDataSource forcefully closed/removed all connections.
[DEBUG][21-05-03][org.apache.ibatis.datasource.pooled.PooledDataSource]PooledDataSource forcefully closed/removed all connections.
[DEBUG][21-05-03][org.apache.ibatis.transaction.jdbc.JdbcTransaction]Opening JDBC Connection
[DEBUG][21-05-03][org.apache.ibatis.datasource.pooled.PooledDataSource]Created connection 24606376.
[DEBUG][21-05-03][org.apache.ibatis.transaction.jdbc.JdbcTransaction]Setting autocommit to false on JDBC Connection [com.mysql.jdbc.JDBC4Connection@17776a8]
[DEBUG][21-05-03][com.macay.dao.StudentDao.selectStudents]==>  Preparing: select id, name, email, age from student 
[DEBUG][21-05-03][com.macay.dao.StudentDao.selectStudents]==> Parameters: 
[DEBUG][21-05-03][com.macay.dao.StudentDao.selectStudents]<==      Total: 4
[DEBUG][21-05-03][org.apache.ibatis.transaction.jdbc.JdbcTransaction]Resetting autocommit to true on JDBC Connection [com.mysql.jdbc.JDBC4Connection@17776a8]
[DEBUG][21-05-03][org.apache.ibatis.transaction.jdbc.JdbcTransaction]Closing JDBC Connection [com.mysql.jdbc.JDBC4Connection@17776a8]
[DEBUG][21-05-03][org.apache.ibatis.datasource.pooled.PooledDataSource]Returned connection 24606376 to pool.
[DEBUG][21-05-03][org.apache.ibatis.logging.LogFactory]Logging initialized using 'class org.apache.ibatis.logging.log4j.Log4jImpl' adapter.
[DEBUG][21-05-03][org.apache.ibatis.logging.LogFactory]Logging initialized using 'class org.apache.ibatis.logging.log4j.Log4jImpl' adapter.
[DEBUG][21-05-03][org.apache.ibatis.datasource.pooled.PooledDataSource]PooledDataSource forcefully closed/removed all connections.
[DEBUG][21-05-03][org.apache.ibatis.datasource.pooled.PooledDataSource]PooledDataSource forcefully closed/removed all connections.
[DEBUG][21-05-03][org.apache.ibatis.datasource.pooled.PooledDataSource]PooledDataSource forcefully closed/removed all connections.
[DEBUG][21-05-03][org.apache.ibatis.datasource.pooled.PooledDataSource]PooledDataSource forcefully closed/removed all connections.
[DEBUG][21-05-03][org.apache.ibatis.transaction.jdbc.JdbcTransaction]Opening JDBC Connection
[DEBUG][21-05-03][org.apache.ibatis.datasource.pooled.PooledDataSource]Created connection 24606376.
[DEBUG][21-05-03][org.apache.ibatis.transaction.jdbc.JdbcTransaction]Setting autocommit to false on JDBC Connection [com.mysql.jdbc.JDBC4Connection@17776a8]
[DEBUG][21-05-03][com.macay.dao.StudentDao.selectStudentById]==>  Preparing: select id, name, email, age from student where id =1 
[DEBUG][21-05-03][com.macay.dao.StudentDao.selectStudentById]==> Parameters: 
[DEBUG][21-05-03][com.macay.dao.StudentDao.selectStudentById]<==      Total: 1
[DEBUG][21-05-03][org.apache.ibatis.transaction.jdbc.JdbcTransaction]Resetting autocommit to true on JDBC Connection [com.mysql.jdbc.JDBC4Connection@17776a8]
[DEBUG][21-05-03][org.apache.ibatis.transaction.jdbc.JdbcTransaction]Closing JDBC Connection [com.mysql.jdbc.JDBC4Connection@17776a8]
[DEBUG][21-05-03][org.apache.ibatis.datasource.pooled.PooledDataSource]Returned connection 24606376 to pool.
